                              1 
                              2 ;;; gcc for m6809 : Feb 15 2016 21:40:10
                              3 ;;; 4.3.6 (gcc6809)
                              4 ;;; ABI version 1
                              5 ;;; -mint8
                              6 	.module	crab.c
                              7 	.globl _vectors_crab
                              8 	.area .text
   0000                       9 _vectors_crab:
   0000 FF                   10 	.byte	-1
   0001 05                   11 	.byte	5
   0002 07                   12 	.byte	7
   0003 FF                   13 	.byte	-1
   0004 FE                   14 	.byte	-2
   0005 03                   15 	.byte	3
   0006 FF                   16 	.byte	-1
   0007 02                   17 	.byte	2
   0008 03                   18 	.byte	3
   0009 FF                   19 	.byte	-1
   000A FB                   20 	.byte	-5
   000B 07                   21 	.byte	7
   000C FF                   22 	.byte	-1
   000D 07                   23 	.byte	7
   000E FB                   24 	.byte	-5
   000F FF                   25 	.byte	-1
   0010 03                   26 	.byte	3
   0011 02                   27 	.byte	2
   0012 FF                   28 	.byte	-1
   0013 03                   29 	.byte	3
   0014 FE                   30 	.byte	-2
   0015 FF                   31 	.byte	-1
   0016 07                   32 	.byte	7
   0017 05                   33 	.byte	5
   0018 FF                   34 	.byte	-1
   0019 FB                   35 	.byte	-5
   001A F9                   36 	.byte	-7
   001B FF                   37 	.byte	-1
   001C 02                   38 	.byte	2
   001D FD                   39 	.byte	-3
   001E FF                   40 	.byte	-1
   001F FE                   41 	.byte	-2
   0020 FD                   42 	.byte	-3
   0021 FF                   43 	.byte	-1
   0022 05                   44 	.byte	5
   0023 F9                   45 	.byte	-7
   0024 FF                   46 	.byte	-1
   0025 F9                   47 	.byte	-7
   0026 05                   48 	.byte	5
   0027 FF                   49 	.byte	-1
   0028 FD                   50 	.byte	-3
   0029 FE                   51 	.byte	-2
   002A FF                   52 	.byte	-1
   002B FD                   53 	.byte	-3
   002C 02                   54 	.byte	2
   002D FF                   55 	.byte	-1
   002E F9                   56 	.byte	-7
   002F FB                   57 	.byte	-5
   0030 01                   58 	.byte	1
   0031 00                   59 	.byte	0
   0032 00                   60 	.byte	0
                             61 	.globl _shape_crab_1
   0033                      62 _shape_crab_1:
   0033 00                   63 	.byte	0
   0034 11                   64 	.byte	17
   0035 00 00                65 	.word	_vectors_crab
                             66 	.globl _crab_1
                             67 	.area .data
   0000                      68 _crab_1:
   0000 D6                   69 	.byte	-42
   0001 80                   70 	.byte	-128
   0002 96                   71 	.byte	-106
   0003 00 33                72 	.word	_shape_crab_1
                             73 	.globl _crabs
                             74 	.area .text
   0037                      75 _crabs:
   0037 00 00                76 	.word	_crab_1
                             77 	.globl _move_crabs
   0039                      78 _move_crabs:
   0039 32 7F         [ 5]   79 	leas	-1,s
   003B 6F E4         [ 6]   80 	clr	,s
   003D 20 02         [ 3]   81 	bra	L2
   003F                      82 L3:
   003F 6C E4         [ 6]   83 	inc	,s
   0041                      84 L2:
   0041 BD 00 4B      [ 8]   85 	jsr	_get_num_option
   0044 E1 E4         [ 4]   86 	cmpb	,s	;cmpqi:
   0046 22 F7         [ 3]   87 	bhi	L3
   0048 32 61         [ 5]   88 	leas	1,s
   004A 39            [ 5]   89 	rts
   004B                      90 _get_num_option:
   004B F6 00 00      [ 5]   91 	ldb	_Vec_Num_Game
   004E 39            [ 5]   92 	rts
                             93 	.globl _draw_crabs
   004F                      94 _draw_crabs:
   004F 34 40         [ 6]   95 	pshs	u
   0051 32 7F         [ 5]   96 	leas	-1,s
   0053 6F E4         [ 6]   97 	clr	,s
   0055 20 11         [ 3]   98 	bra	L8
   0057                      99 L9:
   0057 E6 E4         [ 4]  100 	ldb	,s
   0059 4F            [ 2]  101 	clra		;zero_extendqihi: R:b -> R:d
   005A 58            [ 2]  102 	aslb
   005B 49            [ 2]  103 	rola
   005C CE 00 37      [ 3]  104 	ldu	#_crabs
   005F 30 CB         [ 8]  105 	leax	d,u
   0061 AE 84         [ 5]  106 	ldx	,x
   0063 BD 00 00      [ 8]  107 	jsr	_draw_sprite
   0066 6C E4         [ 6]  108 	inc	,s
   0068                     109 L8:
   0068 6D E4         [ 6]  110 	tst	,s
   006A 27 EB         [ 3]  111 	beq	L9
   006C 32 61         [ 5]  112 	leas	1,s
   006E 35 C0         [ 7]  113 	puls	u,pc
ASxxxx Assembler V05.00  (Motorola 6809), page 1.
Hexidecimal [16-Bits]

Symbol Table

    .__.$$$.       =   2710 L   |     .__.ABS.       =   0000 G
    .__.CPU.       =   0000 L   |     .__.H$L.       =   0001 L
  2 L2                 0041 R   |   2 L3                 003F R
  2 L8                 0068 R   |   2 L9                 0057 R
    _Vec_Num_Game      **** GX  |   3 _crab_1            0000 GR
  2 _crabs             0037 GR  |   2 _draw_crabs        004F GR
    _draw_sprite       **** GX  |   2 _get_num_optio     004B R
  2 _move_crabs        0039 GR  |   2 _shape_crab_1      0033 GR
  2 _vectors_crab      0000 GR

ASxxxx Assembler V05.00  (Motorola 6809), page 2.
Hexidecimal [16-Bits]

Area Table

[_CSEG]
   0 _CODE            size    0   flags C080
   2 .text            size   70   flags  100
   3 .data            size    5   flags  100
[_DSEG]
   1 _DATA            size    0   flags C0C0

