                              1 
                              2 ;;; gcc for m6809 : Feb 15 2016 21:40:10
                              3 ;;; 4.3.6 (gcc6809)
                              4 ;;; ABI version 1
                              5 ;;; -mint8
                              6 	.module	game.c
                              7 	.area .text
                              8 	.globl _game_options
   0000                       9 _game_options:
   0000 C6 03         [ 2]   10 	ldb	#3
   0002 E7 E2         [ 6]   11 	stb	,-s
   0004 C6 01         [ 2]   12 	ldb	#1
   0006 BD 00 0C      [ 8]   13 	jsr	_game_menu
   0009 32 61         [ 5]   14 	leas	1,s
   000B 39            [ 5]   15 	rts
   000C                      16 _game_menu:
   000C 32 7D         [ 5]   17 	leas	-3,s
   000E E7 E4         [ 4]   18 	stb	,s
                             19 	; ldb	,s	; optimization 5
   0010 E7 62         [ 5]   20 	stb	2,s
   0012 E6 65         [ 5]   21 	ldb	5,s
   0014 E7 61         [ 5]   22 	stb	1,s
   0016 E6 62         [ 5]   23 	ldb	2,s
   0018 E7 E2         [ 6]   24 	stb	,-s
   001A E6 62         [ 5]   25 	ldb	2,s
   001C BD 00 00      [ 8]   26 	jsr	__Select_Game
   001F 32 61         [ 5]   27 	leas	1,s
   0021 32 63         [ 5]   28 	leas	3,s
   0023 39            [ 5]   29 	rts
   0024                      30 LC0:
   0024 47 45 54 20 52 45    31 	.ascii "GET READY\0"
        41 44 59 00
                             32 	.globl _game_init
   002E                      33 _game_init:
   002E 32 7F         [ 5]   34 	leas	-1,s
   0030 C6 01         [ 2]   35 	ldb	#1
   0032 F7 00 00      [ 5]   36 	stb	_Vec_Joy_Mux_1_X
   0035 C6 03         [ 2]   37 	ldb	#3
   0037 F7 00 00      [ 5]   38 	stb	_Vec_Joy_Mux_1_Y
   003A 7F 00 00      [ 7]   39 	clr	_Vec_Joy_Mux_2_X
   003D 7F 00 00      [ 7]   40 	clr	_Vec_Joy_Mux_2_Y
   0040 BD 00 00      [ 8]   41 	jsr	_init_player
   0043 C6 4B         [ 2]   42 	ldb	#75
   0045 E7 E4         [ 4]   43 	stb	,s
   0047 20 13         [ 3]   44 	bra	L6
   0049                      45 L7:
   0049 BD 00 00      [ 8]   46 	jsr	___Wait_Recal
   004C BD 00 00      [ 8]   47 	jsr	___Reset0Ref
   004F C6 C4         [ 2]   48 	ldb	#-60
   0051 E7 E2         [ 6]   49 	stb	,-s
   0053 8E 00 24      [ 3]   50 	ldx	#LC0
   0056 5F            [ 2]   51 	clrb
   0057 BD 00 00      [ 8]   52 	jsr	_print_str
   005A 32 61         [ 5]   53 	leas	1,s
   005C                      54 L6:
   005C 6A E4         [ 6]   55 	dec	,s
                             56 	; tst	,s	; optimization 1
   005E 26 E9         [ 3]   57 	bne	L7
   0060 32 61         [ 5]   58 	leas	1,s
   0062 39            [ 5]   59 	rts
                             60 	.globl _game_loop
   0063                      61 _game_loop:
   0063 32 7F         [ 5]   62 	leas	-1,s
   0065 C6 01         [ 2]   63 	ldb	#1
   0067 E7 E4         [ 4]   64 	stb	,s
   0069 20 23         [ 3]   65 	bra	L10
   006B                      66 L11:
   006B BD 00 00      [ 8]   67 	jsr	___Wait_Recal
   006E BD 00 00      [ 8]   68 	jsr	_move_player
   0071 BD 00 00      [ 8]   69 	jsr	_move_rocks
   0074 BD 00 00      [ 8]   70 	jsr	_draw_player
   0077 BD 00 00      [ 8]   71 	jsr	_draw_rocks
   007A BD 00 00      [ 8]   72 	jsr	_draw_crabs
   007D BD 00 00      [ 8]   73 	jsr	_draw_ether
   0080 BD 00 00      [ 8]   74 	jsr	_animate_ether
   0083 BD 00 00      [ 8]   75 	jsr	_check_ether_pickup
   0086 BD 00 00      [ 8]   76 	jsr	_check_enemy_collision
   0089 E7 E4         [ 4]   77 	stb	,s
   008B BD 00 00      [ 8]   78 	jsr	___Intensity_5F
   008E                      79 L10:
   008E 6D E4         [ 6]   80 	tst	,s
   0090 26 D9         [ 3]   81 	bne	L11
   0092 32 61         [ 5]   82 	leas	1,s
   0094 39            [ 5]   83 	rts
   0095                      84 LC1:
   0095 47 41 4D 45 20 4F    85 	.ascii "GAME OVER\0"
        56 45 52 00
                             86 	.globl _game_over
   009F                      87 _game_over:
   009F 32 7F         [ 5]   88 	leas	-1,s
   00A1 C6 96         [ 2]   89 	ldb	#-106
   00A3 E7 E4         [ 4]   90 	stb	,s
   00A5 20 16         [ 3]   91 	bra	L14
   00A7                      92 L15:
   00A7 BD 00 00      [ 8]   93 	jsr	___Wait_Recal
   00AA BD 00 00      [ 8]   94 	jsr	___Reset0Ref
   00AD C6 BA         [ 2]   95 	ldb	#-70
   00AF E7 E2         [ 6]   96 	stb	,-s
   00B1 8E 00 95      [ 3]   97 	ldx	#LC1
   00B4 5F            [ 2]   98 	clrb
   00B5 BD 00 00      [ 8]   99 	jsr	_print_str
   00B8 32 61         [ 5]  100 	leas	1,s
   00BA BD 00 00      [ 8]  101 	jsr	_reset_ether
   00BD                     102 L14:
   00BD 6A E4         [ 6]  103 	dec	,s
                            104 	; tst	,s	; optimization 1
   00BF 26 E6         [ 3]  105 	bne	L15
   00C1 32 61         [ 5]  106 	leas	1,s
   00C3 39            [ 5]  107 	rts
                            108 	.globl _game
   00C4                     109 _game:
   00C4 BD 00 2E      [ 8]  110 	jsr	_game_init
   00C7 BD 00 63      [ 8]  111 	jsr	_game_loop
   00CA BD 00 9F      [ 8]  112 	jsr	_game_over
   00CD 5F            [ 2]  113 	clrb
   00CE 39            [ 5]  114 	rts
ASxxxx Assembler V05.00  (Motorola 6809), page 1.
Hexidecimal [16-Bits]

Symbol Table

    .__.$$$.       =   2710 L   |     .__.ABS.       =   0000 G
    .__.CPU.       =   0000 L   |     .__.H$L.       =   0001 L
  2 L10                008E R   |   2 L11                006B R
  2 L14                00BD R   |   2 L15                00A7 R
  2 L6                 005C R   |   2 L7                 0049 R
  2 LC0                0024 R   |   2 LC1                0095 R
    _Vec_Joy_Mux_1     **** GX  |     _Vec_Joy_Mux_1     **** GX
    _Vec_Joy_Mux_2     **** GX  |     _Vec_Joy_Mux_2     **** GX
    __Select_Game      **** GX  |     ___Intensity_5     **** GX
    ___Reset0Ref       **** GX  |     ___Wait_Recal      **** GX
    _animate_ether     **** GX  |     _check_enemy_c     **** GX
    _check_ether_p     **** GX  |     _draw_crabs        **** GX
    _draw_ether        **** GX  |     _draw_player       **** GX
    _draw_rocks        **** GX  |   2 _game              00C4 GR
  2 _game_init         002E GR  |   2 _game_loop         0063 GR
  2 _game_menu         000C R   |   2 _game_options      0000 GR
  2 _game_over         009F GR  |     _init_player       **** GX
    _move_player       **** GX  |     _move_rocks        **** GX
    _print_str         **** GX  |     _reset_ether       **** GX

ASxxxx Assembler V05.00  (Motorola 6809), page 2.
Hexidecimal [16-Bits]

Area Table

[_CSEG]
   0 _CODE            size    0   flags C080
   2 .text            size   CF   flags  100
[_DSEG]
   1 _DATA            size    0   flags C0C0

