                              1 
                              2 ;;; gcc for m6809 : Feb 15 2016 21:40:10
                              3 ;;; 4.3.6 (gcc6809)
                              4 ;;; ABI version 1
                              5 ;;; -mint8
                              6 	.module	player.c
                              7 	.globl _vectors_player
                              8 	.area .text
   0000                       9 _vectors_player:
   0000 FF                   10 	.byte	-1
   0001 05                   11 	.byte	5
   0002 0A                   12 	.byte	10
   0003 FF                   13 	.byte	-1
   0004 0A                   14 	.byte	10
   0005 05                   15 	.byte	5
   0006 FF                   16 	.byte	-1
   0007 00                   17 	.byte	0
   0008 05                   18 	.byte	5
   0009 FF                   19 	.byte	-1
   000A 0F                   20 	.byte	15
   000B 00                   21 	.byte	0
   000C FF                   22 	.byte	-1
   000D 00                   23 	.byte	0
   000E FB                   24 	.byte	-5
   000F FF                   25 	.byte	-1
   0010 0A                   26 	.byte	10
   0011 FB                   27 	.byte	-5
   0012 FF                   28 	.byte	-1
   0013 05                   29 	.byte	5
   0014 F6                   30 	.byte	-10
   0015 FF                   31 	.byte	-1
   0016 05                   32 	.byte	5
   0017 00                   33 	.byte	0
   0018 FF                   34 	.byte	-1
   0019 00                   35 	.byte	0
   001A F1                   36 	.byte	-15
   001B FF                   37 	.byte	-1
   001C FB                   38 	.byte	-5
   001D 00                   39 	.byte	0
   001E FF                   40 	.byte	-1
   001F FB                   41 	.byte	-5
   0020 F6                   42 	.byte	-10
   0021 FF                   43 	.byte	-1
   0022 F6                   44 	.byte	-10
   0023 FB                   45 	.byte	-5
   0024 FF                   46 	.byte	-1
   0025 00                   47 	.byte	0
   0026 FB                   48 	.byte	-5
   0027 FF                   49 	.byte	-1
   0028 F1                   50 	.byte	-15
   0029 00                   51 	.byte	0
   002A FF                   52 	.byte	-1
   002B 00                   53 	.byte	0
   002C 05                   54 	.byte	5
   002D FF                   55 	.byte	-1
   002E F6                   56 	.byte	-10
   002F 05                   57 	.byte	5
   0030 FF                   58 	.byte	-1
   0031 FB                   59 	.byte	-5
   0032 0A                   60 	.byte	10
   0033 FF                   61 	.byte	-1
   0034 00                   62 	.byte	0
   0035 0F                   63 	.byte	15
   0036 00                   64 	.byte	0
   0037 10                   65 	.byte	16
   0038 02                   66 	.byte	2
   0039 FF                   67 	.byte	-1
   003A 0B                   68 	.byte	11
   003B 00                   69 	.byte	0
   003C FF                   70 	.byte	-1
   003D 04                   71 	.byte	4
   003E FC                   72 	.byte	-4
   003F FF                   73 	.byte	-1
   0040 00                   74 	.byte	0
   0041 F5                   75 	.byte	-11
   0042 FF                   76 	.byte	-1
   0043 FC                   77 	.byte	-4
   0044 FC                   78 	.byte	-4
   0045 FF                   79 	.byte	-1
   0046 F5                   80 	.byte	-11
   0047 00                   81 	.byte	0
   0048 FF                   82 	.byte	-1
   0049 FC                   83 	.byte	-4
   004A 04                   84 	.byte	4
   004B FF                   85 	.byte	-1
   004C 00                   86 	.byte	0
   004D 0B                   87 	.byte	11
   004E FF                   88 	.byte	-1
   004F 04                   89 	.byte	4
   0050 04                   90 	.byte	4
   0051 01                   91 	.byte	1
   0052 00                   92 	.byte	0
   0053 00                   93 	.byte	0
                             94 	.globl _shape_player
   0054                      95 _shape_player:
   0054 00                   96 	.byte	0
   0055 1C                   97 	.byte	28
   0056 00 00                98 	.word	_vectors_player
                             99 	.globl _player
                            100 	.area .data
   0000                     101 _player:
   0000 00                  102 	.byte	0
   0001 00                  103 	.byte	0
   0002 00                  104 	.byte	0
   0003 00 54               105 	.word	_shape_player
                            106 	.area .text
                            107 	.globl _init_player
   0058                     108 _init_player:
   0058 C6 64         [ 2]  109 	ldb	#100
   005A F7 00 00      [ 5]  110 	stb	_player
   005D 7F 00 01      [ 7]  111 	clr	_player+1
   0060 C6 32         [ 2]  112 	ldb	#50
   0062 F7 00 02      [ 5]  113 	stb	_player+2
   0065 39            [ 5]  114 	rts
                            115 	.globl _move_player
   0066                     116 _move_player:
   0066 32 7A         [ 5]  117 	leas	-6,s
   0068 BD 00 00      [ 8]  118 	jsr	___Joy_Digital
   006B F6 00 00      [ 5]  119 	ldb	_Vec_Joy_1_X
   006E 6F 62         [ 7]  120 	clr	2,s
   0070 5D            [ 2]  121 	tstb
   0071 2C 04         [ 3]  122 	bge	L4
   0073 C6 01         [ 2]  123 	ldb	#1
   0075 E7 62         [ 5]  124 	stb	2,s
   0077                     125 L4:
   0077 E6 62         [ 5]  126 	ldb	2,s
                            127 	; tstb	; optimization 6
   0079 27 21         [ 3]  128 	beq	L5
   007B BD 02 83      [ 8]  129 	jsr	_check_rock_collision
   007E 5D            [ 2]  130 	tstb
   007F 27 11         [ 3]  131 	beq	L6
   0081 F6 00 01      [ 5]  132 	ldb	_player+1
   0084 C1 88         [ 2]  133 	cmpb	#-120	;cmpqi:
   0086 2D 0A         [ 3]  134 	blt	L6
   0088 F6 00 01      [ 5]  135 	ldb	_player+1
   008B CB FE         [ 2]  136 	addb	#-2
   008D F7 00 01      [ 5]  137 	stb	_player+1
   0090 20 39         [ 3]  138 	bra	L8
   0092                     139 L6:
   0092 F6 00 01      [ 5]  140 	ldb	_player+1
   0095 CB 02         [ 2]  141 	addb	#2
   0097 F7 00 01      [ 5]  142 	stb	_player+1
   009A 20 2F         [ 3]  143 	bra	L8
   009C                     144 L5:
   009C F6 00 00      [ 5]  145 	ldb	_Vec_Joy_1_X
   009F 6F 63         [ 7]  146 	clr	3,s
   00A1 5D            [ 2]  147 	tstb
   00A2 2F 04         [ 3]  148 	ble	L9
   00A4 C6 01         [ 2]  149 	ldb	#1
   00A6 E7 63         [ 5]  150 	stb	3,s
   00A8                     151 L9:
   00A8 E6 63         [ 5]  152 	ldb	3,s
                            153 	; tstb	; optimization 6
   00AA 27 1F         [ 3]  154 	beq	L8
   00AC BD 02 83      [ 8]  155 	jsr	_check_rock_collision
   00AF 5D            [ 2]  156 	tstb
   00B0 27 11         [ 3]  157 	beq	L10
   00B2 F6 00 01      [ 5]  158 	ldb	_player+1
   00B5 C1 7D         [ 2]  159 	cmpb	#125	;cmpqi:
   00B7 2E 0A         [ 3]  160 	bgt	L10
   00B9 F6 00 01      [ 5]  161 	ldb	_player+1
   00BC CB 02         [ 2]  162 	addb	#2
   00BE F7 00 01      [ 5]  163 	stb	_player+1
   00C1 20 08         [ 3]  164 	bra	L8
   00C3                     165 L10:
   00C3 F6 00 01      [ 5]  166 	ldb	_player+1
   00C6 CB FE         [ 2]  167 	addb	#-2
   00C8 F7 00 01      [ 5]  168 	stb	_player+1
   00CB                     169 L8:
   00CB F6 00 00      [ 5]  170 	ldb	_Vec_Joy_1_Y
   00CE 6F 64         [ 7]  171 	clr	4,s
   00D0 5D            [ 2]  172 	tstb
   00D1 2F 04         [ 3]  173 	ble	L11
   00D3 C6 01         [ 2]  174 	ldb	#1
   00D5 E7 64         [ 5]  175 	stb	4,s
   00D7                     176 L11:
   00D7 E6 64         [ 5]  177 	ldb	4,s
                            178 	; tstb	; optimization 6
   00D9 27 21         [ 3]  179 	beq	L12
   00DB BD 02 83      [ 8]  180 	jsr	_check_rock_collision
   00DE 5D            [ 2]  181 	tstb
   00DF 27 11         [ 3]  182 	beq	L13
   00E1 F6 00 00      [ 5]  183 	ldb	_player
   00E4 C1 64         [ 2]  184 	cmpb	#100	;cmpqi:
   00E6 2E 0A         [ 3]  185 	bgt	L13
   00E8 F6 00 00      [ 5]  186 	ldb	_player
   00EB CB 02         [ 2]  187 	addb	#2
   00ED F7 00 00      [ 5]  188 	stb	_player
   00F0 20 39         [ 3]  189 	bra	L15
   00F2                     190 L13:
   00F2 F6 00 00      [ 5]  191 	ldb	_player
   00F5 CB FE         [ 2]  192 	addb	#-2
   00F7 F7 00 00      [ 5]  193 	stb	_player
   00FA 20 2F         [ 3]  194 	bra	L15
   00FC                     195 L12:
   00FC F6 00 00      [ 5]  196 	ldb	_Vec_Joy_1_Y
   00FF 6F 65         [ 7]  197 	clr	5,s
   0101 5D            [ 2]  198 	tstb
   0102 2C 04         [ 3]  199 	bge	L16
   0104 C6 01         [ 2]  200 	ldb	#1
   0106 E7 65         [ 5]  201 	stb	5,s
   0108                     202 L16:
   0108 E6 65         [ 5]  203 	ldb	5,s
                            204 	; tstb	; optimization 6
   010A 27 1F         [ 3]  205 	beq	L15
   010C BD 02 83      [ 8]  206 	jsr	_check_rock_collision
   010F 5D            [ 2]  207 	tstb
   0110 27 11         [ 3]  208 	beq	L17
   0112 F6 00 00      [ 5]  209 	ldb	_player
   0115 C1 82         [ 2]  210 	cmpb	#-126	;cmpqi:
   0117 2D 0A         [ 3]  211 	blt	L17
   0119 F6 00 00      [ 5]  212 	ldb	_player
   011C CB FE         [ 2]  213 	addb	#-2
   011E F7 00 00      [ 5]  214 	stb	_player
   0121 20 08         [ 3]  215 	bra	L15
   0123                     216 L17:
   0123 F6 00 00      [ 5]  217 	ldb	_player
   0126 CB 02         [ 2]  218 	addb	#2
   0128 F7 00 00      [ 5]  219 	stb	_player
   012B                     220 L15:
   012B BD 00 00      [ 8]  221 	jsr	___Read_Btns
   012E F6 00 00      [ 5]  222 	ldb	_Vec_Btn_State
   0131 C4 08         [ 2]  223 	andb	#8
   0133 E7 E4         [ 4]  224 	stb	,s
   0135 F6 00 00      [ 5]  225 	ldb	_Vec_Btn_State
   0138 C4 02         [ 2]  226 	andb	#2
   013A E7 61         [ 5]  227 	stb	1,s
   013C 32 66         [ 5]  228 	leas	6,s
   013E 39            [ 5]  229 	rts
                            230 	.globl _draw_player
   013F                     231 _draw_player:
   013F 8E 00 00      [ 3]  232 	ldx	#_player
   0142 BD 00 00      [ 8]  233 	jsr	_draw_sprite
   0145 39            [ 5]  234 	rts
                            235 	.globl _throw_grappling_hook
   0146                     236 _throw_grappling_hook:
   0146 32 7F         [ 5]  237 	leas	-1,s
   0148 C6 01         [ 2]  238 	ldb	#1
   014A E7 E4         [ 4]  239 	stb	,s
   014C 20 02         [ 3]  240 	bra	L24
   014E                     241 L25:
   014E 6C E4         [ 6]  242 	inc	,s
   0150                     243 L24:
   0150 E6 E4         [ 4]  244 	ldb	,s
   0152 C1 1E         [ 2]  245 	cmpb	#30	;cmpqi:
   0154 23 F8         [ 3]  246 	bls	L25
   0156 32 61         [ 5]  247 	leas	1,s
   0158 39            [ 5]  248 	rts
                            249 	.globl _check_ether_pickup
   0159                     250 _check_ether_pickup:
   0159 34 40         [ 6]  251 	pshs	u
   015B 32 7A         [ 5]  252 	leas	-6,s
   015D 6F 65         [ 7]  253 	clr	5,s
   015F 7E 01 E6      [ 4]  254 	jmp	L28
   0162                     255 L30:
   0162 F6 00 01      [ 5]  256 	ldb	_player+1
   0165 E7 E4         [ 4]  257 	stb	,s
                            258 	; ldb	,s	; optimization 5
   0167 CB EA         [ 2]  259 	addb	#-22
   0169 E7 61         [ 5]  260 	stb	1,s
   016B E6 65         [ 5]  261 	ldb	5,s
   016D 4F            [ 2]  262 	clra		;zero_extendqihi: R:b -> R:d
   016E 58            [ 2]  263 	aslb
   016F 49            [ 2]  264 	rola
   0170 CE 00 00      [ 3]  265 	ldu	#_ether
   0173 30 CB         [ 8]  266 	leax	d,u
   0175 AE 84         [ 5]  267 	ldx	,x
   0177 E6 01         [ 5]  268 	ldb	1,x
   0179 CB 03         [ 2]  269 	addb	#3
   017B E1 61         [ 5]  270 	cmpb	1,s	;cmpqi:(R)
   017D 10 2F 00 63   [ 6]  271 	lble	L29
   0181 F6 00 01      [ 5]  272 	ldb	_player+1
   0184 E7 E4         [ 4]  273 	stb	,s
                            274 	; ldb	,s	; optimization 5
   0186 CB 08         [ 2]  275 	addb	#8
   0188 E7 62         [ 5]  276 	stb	2,s
   018A E6 65         [ 5]  277 	ldb	5,s
   018C 4F            [ 2]  278 	clra		;zero_extendqihi: R:b -> R:d
   018D 58            [ 2]  279 	aslb
   018E 49            [ 2]  280 	rola
   018F CE 00 00      [ 3]  281 	ldu	#_ether
   0192 30 CB         [ 8]  282 	leax	d,u
   0194 AE 84         [ 5]  283 	ldx	,x
   0196 E6 01         [ 5]  284 	ldb	1,x
   0198 CB FD         [ 2]  285 	addb	#-3
   019A E1 62         [ 5]  286 	cmpb	2,s	;cmpqi:(R)
   019C 2C 46         [ 3]  287 	bge	L29
   019E F6 00 00      [ 5]  288 	ldb	_player
   01A1 E7 E4         [ 4]  289 	stb	,s
                            290 	; ldb	,s	; optimization 5
   01A3 CB F3         [ 2]  291 	addb	#-13
   01A5 E7 63         [ 5]  292 	stb	3,s
   01A7 E6 65         [ 5]  293 	ldb	5,s
   01A9 4F            [ 2]  294 	clra		;zero_extendqihi: R:b -> R:d
   01AA 58            [ 2]  295 	aslb
   01AB 49            [ 2]  296 	rola
   01AC CE 00 00      [ 3]  297 	ldu	#_ether
   01AF 30 CB         [ 8]  298 	leax	d,u
   01B1 AE 84         [ 5]  299 	ldx	,x
   01B3 E6 84         [ 4]  300 	ldb	,x
   01B5 CB 0C         [ 2]  301 	addb	#12
   01B7 E1 63         [ 5]  302 	cmpb	3,s	;cmpqi:(R)
   01B9 2F 29         [ 3]  303 	ble	L29
   01BB F6 00 00      [ 5]  304 	ldb	_player
   01BE E7 E4         [ 4]  305 	stb	,s
                            306 	; ldb	,s	; optimization 5
   01C0 CB 19         [ 2]  307 	addb	#25
   01C2 E7 64         [ 5]  308 	stb	4,s
   01C4 E6 65         [ 5]  309 	ldb	5,s
   01C6 4F            [ 2]  310 	clra		;zero_extendqihi: R:b -> R:d
   01C7 58            [ 2]  311 	aslb
   01C8 49            [ 2]  312 	rola
   01C9 CE 00 00      [ 3]  313 	ldu	#_ether
   01CC 30 CB         [ 8]  314 	leax	d,u
   01CE AE 84         [ 5]  315 	ldx	,x
   01D0 E6 84         [ 4]  316 	ldb	,x
   01D2 E1 64         [ 5]  317 	cmpb	4,s	;cmpqi:(R)
   01D4 2C 0E         [ 3]  318 	bge	L29
   01D6 E6 65         [ 5]  319 	ldb	5,s
   01D8 4F            [ 2]  320 	clra		;zero_extendqihi: R:b -> R:d
   01D9 58            [ 2]  321 	aslb
   01DA 49            [ 2]  322 	rola
   01DB CE 00 00      [ 3]  323 	ldu	#_ether
   01DE 30 CB         [ 8]  324 	leax	d,u
   01E0 AE 84         [ 5]  325 	ldx	,x
   01E2 6F 02         [ 7]  326 	clr	2,x
   01E4                     327 L29:
   01E4 6C 65         [ 7]  328 	inc	5,s
   01E6                     329 L28:
   01E6 E6 65         [ 5]  330 	ldb	5,s
   01E8 C1 03         [ 2]  331 	cmpb	#3	;cmpqi:
   01EA 10 23 FF 74   [ 6]  332 	lbls	L30
   01EE 32 66         [ 5]  333 	leas	6,s
   01F0 35 C0         [ 7]  334 	puls	u,pc
                            335 	.globl _check_enemy_collision
   01F2                     336 _check_enemy_collision:
   01F2 34 40         [ 6]  337 	pshs	u
   01F4 32 79         [ 5]  338 	leas	-7,s
   01F6 6F 66         [ 7]  339 	clr	6,s
   01F8 7E 02 73      [ 4]  340 	jmp	L33
   01FB                     341 L36:
   01FB F6 00 01      [ 5]  342 	ldb	_player+1
   01FE E7 E4         [ 4]  343 	stb	,s
                            344 	; ldb	,s	; optimization 5
   0200 CB E9         [ 2]  345 	addb	#-23
   0202 E7 61         [ 5]  346 	stb	1,s
   0204 E6 66         [ 5]  347 	ldb	6,s
   0206 4F            [ 2]  348 	clra		;zero_extendqihi: R:b -> R:d
   0207 58            [ 2]  349 	aslb
   0208 49            [ 2]  350 	rola
   0209 CE 00 00      [ 3]  351 	ldu	#_crabs
   020C 30 CB         [ 8]  352 	leax	d,u
   020E AE 84         [ 5]  353 	ldx	,x
   0210 E6 01         [ 5]  354 	ldb	1,x
   0212 CB 14         [ 2]  355 	addb	#20
   0214 E1 61         [ 5]  356 	cmpb	1,s	;cmpqi:(R)
   0216 10 2F 00 57   [ 6]  357 	lble	L34
   021A F6 00 01      [ 5]  358 	ldb	_player+1
   021D E7 E4         [ 4]  359 	stb	,s
                            360 	; ldb	,s	; optimization 5
   021F CB 08         [ 2]  361 	addb	#8
   0221 E7 62         [ 5]  362 	stb	2,s
   0223 E6 66         [ 5]  363 	ldb	6,s
   0225 4F            [ 2]  364 	clra		;zero_extendqihi: R:b -> R:d
   0226 58            [ 2]  365 	aslb
   0227 49            [ 2]  366 	rola
   0228 CE 00 00      [ 3]  367 	ldu	#_crabs
   022B 30 CB         [ 8]  368 	leax	d,u
   022D AE 84         [ 5]  369 	ldx	,x
   022F E6 01         [ 5]  370 	ldb	1,x
   0231 E1 62         [ 5]  371 	cmpb	2,s	;cmpqi:(R)
   0233 2C 3C         [ 3]  372 	bge	L34
   0235 F6 00 00      [ 5]  373 	ldb	_player
   0238 E7 E4         [ 4]  374 	stb	,s
                            375 	; ldb	,s	; optimization 5
   023A CB F6         [ 2]  376 	addb	#-10
   023C E7 63         [ 5]  377 	stb	3,s
   023E E6 66         [ 5]  378 	ldb	6,s
   0240 4F            [ 2]  379 	clra		;zero_extendqihi: R:b -> R:d
   0241 58            [ 2]  380 	aslb
   0242 49            [ 2]  381 	rola
   0243 CE 00 00      [ 3]  382 	ldu	#_crabs
   0246 30 CB         [ 8]  383 	leax	d,u
   0248 AE 84         [ 5]  384 	ldx	,x
   024A E6 84         [ 4]  385 	ldb	,x
   024C CB 14         [ 2]  386 	addb	#20
   024E E1 63         [ 5]  387 	cmpb	3,s	;cmpqi:(R)
   0250 2F 1F         [ 3]  388 	ble	L34
   0252 F6 00 00      [ 5]  389 	ldb	_player
   0255 E7 E4         [ 4]  390 	stb	,s
                            391 	; ldb	,s	; optimization 5
   0257 CB 16         [ 2]  392 	addb	#22
   0259 E7 64         [ 5]  393 	stb	4,s
   025B E6 66         [ 5]  394 	ldb	6,s
   025D 4F            [ 2]  395 	clra		;zero_extendqihi: R:b -> R:d
   025E 58            [ 2]  396 	aslb
   025F 49            [ 2]  397 	rola
   0260 CE 00 00      [ 3]  398 	ldu	#_crabs
   0263 30 CB         [ 8]  399 	leax	d,u
   0265 AE 84         [ 5]  400 	ldx	,x
   0267 E6 84         [ 4]  401 	ldb	,x
   0269 E1 64         [ 5]  402 	cmpb	4,s	;cmpqi:(R)
   026B 2C 04         [ 3]  403 	bge	L34
   026D 6F 65         [ 7]  404 	clr	5,s
   026F 20 0C         [ 3]  405 	bra	L35
   0271                     406 L34:
   0271 6C 66         [ 7]  407 	inc	6,s
   0273                     408 L33:
   0273 6D 66         [ 7]  409 	tst	6,s
   0275 10 27 FF 82   [ 6]  410 	lbeq	L36
   0279 C6 01         [ 2]  411 	ldb	#1
   027B E7 65         [ 5]  412 	stb	5,s
   027D                     413 L35:
   027D E6 65         [ 5]  414 	ldb	5,s
   027F 32 67         [ 5]  415 	leas	7,s
   0281 35 C0         [ 7]  416 	puls	u,pc
                            417 	.globl _check_rock_collision
   0283                     418 _check_rock_collision:
   0283 34 40         [ 6]  419 	pshs	u
   0285 32 79         [ 5]  420 	leas	-7,s
   0287 6F 66         [ 7]  421 	clr	6,s
   0289 7E 03 04      [ 4]  422 	jmp	L39
   028C                     423 L42:
   028C F6 00 01      [ 5]  424 	ldb	_player+1
   028F E7 E4         [ 4]  425 	stb	,s
                            426 	; ldb	,s	; optimization 5
   0291 CB E6         [ 2]  427 	addb	#-26
   0293 E7 61         [ 5]  428 	stb	1,s
   0295 E6 66         [ 5]  429 	ldb	6,s
   0297 4F            [ 2]  430 	clra		;zero_extendqihi: R:b -> R:d
   0298 58            [ 2]  431 	aslb
   0299 49            [ 2]  432 	rola
   029A CE 00 00      [ 3]  433 	ldu	#_rocks
   029D 30 CB         [ 8]  434 	leax	d,u
   029F AE 84         [ 5]  435 	ldx	,x
   02A1 E6 01         [ 5]  436 	ldb	1,x
   02A3 CB 14         [ 2]  437 	addb	#20
   02A5 E1 61         [ 5]  438 	cmpb	1,s	;cmpqi:(R)
   02A7 10 2F 00 57   [ 6]  439 	lble	L40
   02AB F6 00 01      [ 5]  440 	ldb	_player+1
   02AE E7 E4         [ 4]  441 	stb	,s
                            442 	; ldb	,s	; optimization 5
   02B0 CB 0C         [ 2]  443 	addb	#12
   02B2 E7 62         [ 5]  444 	stb	2,s
   02B4 E6 66         [ 5]  445 	ldb	6,s
   02B6 4F            [ 2]  446 	clra		;zero_extendqihi: R:b -> R:d
   02B7 58            [ 2]  447 	aslb
   02B8 49            [ 2]  448 	rola
   02B9 CE 00 00      [ 3]  449 	ldu	#_rocks
   02BC 30 CB         [ 8]  450 	leax	d,u
   02BE AE 84         [ 5]  451 	ldx	,x
   02C0 E6 01         [ 5]  452 	ldb	1,x
   02C2 E1 62         [ 5]  453 	cmpb	2,s	;cmpqi:(R)
   02C4 2C 3C         [ 3]  454 	bge	L40
   02C6 F6 00 00      [ 5]  455 	ldb	_player
   02C9 E7 E4         [ 4]  456 	stb	,s
                            457 	; ldb	,s	; optimization 5
   02CB CB F6         [ 2]  458 	addb	#-10
   02CD E7 63         [ 5]  459 	stb	3,s
   02CF E6 66         [ 5]  460 	ldb	6,s
   02D1 4F            [ 2]  461 	clra		;zero_extendqihi: R:b -> R:d
   02D2 58            [ 2]  462 	aslb
   02D3 49            [ 2]  463 	rola
   02D4 CE 00 00      [ 3]  464 	ldu	#_rocks
   02D7 30 CB         [ 8]  465 	leax	d,u
   02D9 AE 84         [ 5]  466 	ldx	,x
   02DB E6 84         [ 4]  467 	ldb	,x
   02DD CB 14         [ 2]  468 	addb	#20
   02DF E1 63         [ 5]  469 	cmpb	3,s	;cmpqi:(R)
   02E1 2F 1F         [ 3]  470 	ble	L40
   02E3 F6 00 00      [ 5]  471 	ldb	_player
   02E6 E7 E4         [ 4]  472 	stb	,s
                            473 	; ldb	,s	; optimization 5
   02E8 CB 16         [ 2]  474 	addb	#22
   02EA E7 64         [ 5]  475 	stb	4,s
   02EC E6 66         [ 5]  476 	ldb	6,s
   02EE 4F            [ 2]  477 	clra		;zero_extendqihi: R:b -> R:d
   02EF 58            [ 2]  478 	aslb
   02F0 49            [ 2]  479 	rola
   02F1 CE 00 00      [ 3]  480 	ldu	#_rocks
   02F4 30 CB         [ 8]  481 	leax	d,u
   02F6 AE 84         [ 5]  482 	ldx	,x
   02F8 E6 84         [ 4]  483 	ldb	,x
   02FA E1 64         [ 5]  484 	cmpb	4,s	;cmpqi:(R)
   02FC 2C 04         [ 3]  485 	bge	L40
   02FE 6F 65         [ 7]  486 	clr	5,s
   0300 20 0E         [ 3]  487 	bra	L41
   0302                     488 L40:
   0302 6C 66         [ 7]  489 	inc	6,s
   0304                     490 L39:
   0304 E6 66         [ 5]  491 	ldb	6,s
   0306 C1 05         [ 2]  492 	cmpb	#5	;cmpqi:
   0308 10 23 FF 80   [ 6]  493 	lbls	L42
   030C C6 01         [ 2]  494 	ldb	#1
   030E E7 65         [ 5]  495 	stb	5,s
   0310                     496 L41:
   0310 E6 65         [ 5]  497 	ldb	5,s
   0312 32 67         [ 5]  498 	leas	7,s
   0314 35 C0         [ 7]  499 	puls	u,pc
ASxxxx Assembler V05.00  (Motorola 6809), page 1.
Hexidecimal [16-Bits]

Symbol Table

    .__.$$$.       =   2710 L   |     .__.ABS.       =   0000 G
    .__.CPU.       =   0000 L   |     .__.H$L.       =   0001 L
  2 L10                00C3 R   |   2 L11                00D7 R
  2 L12                00FC R   |   2 L13                00F2 R
  2 L15                012B R   |   2 L16                0108 R
  2 L17                0123 R   |   2 L24                0150 R
  2 L25                014E R   |   2 L28                01E6 R
  2 L29                01E4 R   |   2 L30                0162 R
  2 L33                0273 R   |   2 L34                0271 R
  2 L35                027D R   |   2 L36                01FB R
  2 L39                0304 R   |   2 L4                 0077 R
  2 L40                0302 R   |   2 L41                0310 R
  2 L42                028C R   |   2 L5                 009C R
  2 L6                 0092 R   |   2 L8                 00CB R
  2 L9                 00A8 R   |     _Vec_Btn_State     **** GX
    _Vec_Joy_1_X       **** GX  |     _Vec_Joy_1_Y       **** GX
    ___Joy_Digital     **** GX  |     ___Read_Btns       **** GX
  2 _check_enemy_c     01F2 GR  |   2 _check_ether_p     0159 GR
  2 _check_rock_co     0283 GR  |     _crabs             **** GX
  2 _draw_player       013F GR  |     _draw_sprite       **** GX
    _ether             **** GX  |   2 _init_player       0058 GR
  2 _move_player       0066 GR  |   3 _player            0000 GR
    _rocks             **** GX  |   2 _shape_player      0054 GR
  2 _throw_grappli     0146 GR  |   2 _vectors_playe     0000 GR

ASxxxx Assembler V05.00  (Motorola 6809), page 2.
Hexidecimal [16-Bits]

Area Table

[_CSEG]
   0 _CODE            size    0   flags C080
   2 .text            size  316   flags  100
   3 .data            size    5   flags  100
[_DSEG]
   1 _DATA            size    0   flags C0C0

