                              1 
                              2 ;;; gcc for m6809 : Feb 15 2016 21:40:10
                              3 ;;; 4.3.6 (gcc6809)
                              4 ;;; ABI version 1
                              5 ;;; -mint8
                              6 	.module	rocks.c
                              7 	.globl _vectors_rock_1t
                              8 	.area .text
   0000                       9 _vectors_rock_1t:
   0000 FF                   10 	.byte	-1
   0001 14                   11 	.byte	20
   0002 00                   12 	.byte	0
   0003 FF                   13 	.byte	-1
   0004 00                   14 	.byte	0
   0005 14                   15 	.byte	20
   0006 FF                   16 	.byte	-1
   0007 EC                   17 	.byte	-20
   0008 00                   18 	.byte	0
   0009 FF                   19 	.byte	-1
   000A 00                   20 	.byte	0
   000B EC                   21 	.byte	-20
   000C 01                   22 	.byte	1
   000D 00                   23 	.byte	0
   000E 00                   24 	.byte	0
                             25 	.globl _shape_rock_1t
   000F                      26 _shape_rock_1t:
   000F 00                   27 	.byte	0
   0010 05                   28 	.byte	5
   0011 00 00                29 	.word	_vectors_rock_1t
                             30 	.globl _rock_1t_1
                             31 	.area .data
   0000                      32 _rock_1t_1:
   0000 80                   33 	.byte	-128
   0001 80                   34 	.byte	-128
   0002 96                   35 	.byte	-106
   0003 00 0F                36 	.word	_shape_rock_1t
                             37 	.globl _rock_1t_2
   0005                      38 _rock_1t_2:
   0005 C0                   39 	.byte	-64
   0006 80                   40 	.byte	-128
   0007 96                   41 	.byte	-106
   0008 00 0F                42 	.word	_shape_rock_1t
                             43 	.globl _vectors_rock_2t_h
                             44 	.area .text
   0013                      45 _vectors_rock_2t_h:
   0013 FF                   46 	.byte	-1
   0014 14                   47 	.byte	20
   0015 00                   48 	.byte	0
   0016 FF                   49 	.byte	-1
   0017 00                   50 	.byte	0
   0018 28                   51 	.byte	40
   0019 FF                   52 	.byte	-1
   001A EC                   53 	.byte	-20
   001B 00                   54 	.byte	0
   001C FF                   55 	.byte	-1
   001D 00                   56 	.byte	0
   001E D8                   57 	.byte	-40
   001F 00                   58 	.byte	0
   0020 00                   59 	.byte	0
   0021 14                   60 	.byte	20
   0022 FF                   61 	.byte	-1
   0023 14                   62 	.byte	20
   0024 00                   63 	.byte	0
   0025 01                   64 	.byte	1
   0026 00                   65 	.byte	0
   0027 00                   66 	.byte	0
                             67 	.globl _shape_rock_2t_h
   0028                      68 _shape_rock_2t_h:
   0028 00                   69 	.byte	0
   0029 07                   70 	.byte	7
   002A 00 13                71 	.word	_vectors_rock_2t_h
                             72 	.globl _rock_2t_h
                             73 	.area .data
   000A                      74 _rock_2t_h:
   000A BA                   75 	.byte	-70
   000B 80                   76 	.byte	-128
   000C 96                   77 	.byte	-106
   000D 00 28                78 	.word	_shape_rock_2t_h
                             79 	.globl _vectors_rock_3t_h
                             80 	.area .text
   002C                      81 _vectors_rock_3t_h:
   002C FF                   82 	.byte	-1
   002D 14                   83 	.byte	20
   002E 00                   84 	.byte	0
   002F FF                   85 	.byte	-1
   0030 00                   86 	.byte	0
   0031 3C                   87 	.byte	60
   0032 FF                   88 	.byte	-1
   0033 EC                   89 	.byte	-20
   0034 00                   90 	.byte	0
   0035 FF                   91 	.byte	-1
   0036 00                   92 	.byte	0
   0037 C4                   93 	.byte	-60
   0038 00                   94 	.byte	0
   0039 00                   95 	.byte	0
   003A 14                   96 	.byte	20
   003B FF                   97 	.byte	-1
   003C 14                   98 	.byte	20
   003D 00                   99 	.byte	0
   003E 00                  100 	.byte	0
   003F 00                  101 	.byte	0
   0040 14                  102 	.byte	20
   0041 FF                  103 	.byte	-1
   0042 EC                  104 	.byte	-20
   0043 00                  105 	.byte	0
   0044 01                  106 	.byte	1
   0045 00                  107 	.byte	0
   0046 00                  108 	.byte	0
                            109 	.globl _shape_rock_3t_h
   0047                     110 _shape_rock_3t_h:
   0047 00                  111 	.byte	0
   0048 09                  112 	.byte	9
   0049 00 2C               113 	.word	_vectors_rock_3t_h
                            114 	.globl _rock_3t_h
                            115 	.area .data
   000F                     116 _rock_3t_h:
   000F 00                  117 	.byte	0
   0010 7F                  118 	.byte	127
   0011 96                  119 	.byte	-106
   0012 00 47               120 	.word	_shape_rock_3t_h
                            121 	.globl _vectors_rock_3t_c
                            122 	.area .text
   004B                     123 _vectors_rock_3t_c:
   004B FF                  124 	.byte	-1
   004C 14                  125 	.byte	20
   004D 00                  126 	.byte	0
   004E FF                  127 	.byte	-1
   004F 00                  128 	.byte	0
   0050 28                  129 	.byte	40
   0051 FF                  130 	.byte	-1
   0052 14                  131 	.byte	20
   0053 00                  132 	.byte	0
   0054 FF                  133 	.byte	-1
   0055 00                  134 	.byte	0
   0056 EC                  135 	.byte	-20
   0057 FF                  136 	.byte	-1
   0058 D8                  137 	.byte	-40
   0059 00                  138 	.byte	0
   005A 00                  139 	.byte	0
   005B 14                  140 	.byte	20
   005C 14                  141 	.byte	20
   005D FF                  142 	.byte	-1
   005E EC                  143 	.byte	-20
   005F 00                  144 	.byte	0
   0060 FF                  145 	.byte	-1
   0061 00                  146 	.byte	0
   0062 D8                  147 	.byte	-40
   0063 01                  148 	.byte	1
   0064 00                  149 	.byte	0
   0065 00                  150 	.byte	0
                            151 	.globl _shape_rock_3t_c
   0066                     152 _shape_rock_3t_c:
   0066 00                  153 	.byte	0
   0067 09                  154 	.byte	9
   0068 00 4B               155 	.word	_vectors_rock_3t_c
                            156 	.globl _rock_3t_c
                            157 	.area .data
   0014                     158 _rock_3t_c:
   0014 00                  159 	.byte	0
   0015 0C                  160 	.byte	12
   0016 96                  161 	.byte	-106
   0017 00 66               162 	.word	_shape_rock_3t_c
                            163 	.globl _vectors_rock4t_s
                            164 	.area .text
   006A                     165 _vectors_rock4t_s:
   006A FF                  166 	.byte	-1
   006B 28                  167 	.byte	40
   006C 00                  168 	.byte	0
   006D FF                  169 	.byte	-1
   006E 00                  170 	.byte	0
   006F 28                  171 	.byte	40
   0070 FF                  172 	.byte	-1
   0071 D8                  173 	.byte	-40
   0072 00                  174 	.byte	0
   0073 FF                  175 	.byte	-1
   0074 00                  176 	.byte	0
   0075 D8                  177 	.byte	-40
   0076 00                  178 	.byte	0
   0077 14                  179 	.byte	20
   0078 00                  180 	.byte	0
   0079 FF                  181 	.byte	-1
   007A 00                  182 	.byte	0
   007B 28                  183 	.byte	40
   007C 00                  184 	.byte	0
   007D 14                  185 	.byte	20
   007E EC                  186 	.byte	-20
   007F FF                  187 	.byte	-1
   0080 D8                  188 	.byte	-40
   0081 00                  189 	.byte	0
   0082 01                  190 	.byte	1
   0083 00                  191 	.byte	0
   0084 00                  192 	.byte	0
                            193 	.globl _shape_rock4t_s
   0085                     194 _shape_rock4t_s:
   0085 00                  195 	.byte	0
   0086 09                  196 	.byte	9
   0087 00 6A               197 	.word	_vectors_rock4t_s
                            198 	.globl _rock4t_s
                            199 	.area .data
   0019                     200 _rock4t_s:
   0019 46                  201 	.byte	70
   001A 80                  202 	.byte	-128
   001B 96                  203 	.byte	-106
   001C 00 85               204 	.word	_shape_rock4t_s
                            205 	.globl _vectors_rock_4t_L
                            206 	.area .text
   0089                     207 _vectors_rock_4t_L:
   0089 FF                  208 	.byte	-1
   008A 14                  209 	.byte	20
   008B 00                  210 	.byte	0
   008C FF                  211 	.byte	-1
   008D 00                  212 	.byte	0
   008E 14                  213 	.byte	20
   008F FF                  214 	.byte	-1
   0090 28                  215 	.byte	40
   0091 00                  216 	.byte	0
   0092 FF                  217 	.byte	-1
   0093 00                  218 	.byte	0
   0094 14                  219 	.byte	20
   0095 FF                  220 	.byte	-1
   0096 C4                  221 	.byte	-60
   0097 00                  222 	.byte	0
   0098 FF                  223 	.byte	-1
   0099 00                  224 	.byte	0
   009A D8                  225 	.byte	-40
   009B 00                  226 	.byte	0
   009C 00                  227 	.byte	0
   009D 14                  228 	.byte	20
   009E FF                  229 	.byte	-1
   009F 14                  230 	.byte	20
   00A0 00                  231 	.byte	0
   00A1 FF                  232 	.byte	-1
   00A2 00                  233 	.byte	0
   00A3 14                  234 	.byte	20
   00A4 00                  235 	.byte	0
   00A5 14                  236 	.byte	20
   00A6 00                  237 	.byte	0
   00A7 FF                  238 	.byte	-1
   00A8 00                  239 	.byte	0
   00A9 EC                  240 	.byte	-20
   00AA 01                  241 	.byte	1
   00AB 00                  242 	.byte	0
   00AC 00                  243 	.byte	0
                            244 	.globl _shape_rock_4t_L
   00AD                     245 _shape_rock_4t_L:
   00AD 00                  246 	.byte	0
   00AE 0C                  247 	.byte	12
   00AF 00 89               248 	.word	_vectors_rock_4t_L
                            249 	.globl _rock_4t_L
                            250 	.area .data
   001E                     251 _rock_4t_L:
   001E 00                  252 	.byte	0
   001F 00                  253 	.byte	0
   0020 96                  254 	.byte	-106
   0021 00 AD               255 	.word	_shape_rock_4t_L
                            256 	.globl _vectors_rock_5t
                            257 	.area .text
   00B1                     258 _vectors_rock_5t:
   00B1 FF                  259 	.byte	-1
   00B2 00                  260 	.byte	0
   00B3 28                  261 	.byte	40
   00B4 FF                  262 	.byte	-1
   00B5 28                  263 	.byte	40
   00B6 00                  264 	.byte	0
   00B7 FF                  265 	.byte	-1
   00B8 00                  266 	.byte	0
   00B9 C4                  267 	.byte	-60
   00BA FF                  268 	.byte	-1
   00BB EC                  269 	.byte	-20
   00BC 00                  270 	.byte	0
   00BD FF                  271 	.byte	-1
   00BE 00                  272 	.byte	0
   00BF 3C                  273 	.byte	60
   00C0 00                  274 	.byte	0
   00C1 14                  275 	.byte	20
   00C2 EC                  276 	.byte	-20
   00C3 FF                  277 	.byte	-1
   00C4 D8                  278 	.byte	-40
   00C5 00                  279 	.byte	0
   00C6 00                  280 	.byte	0
   00C7 00                  281 	.byte	0
   00C8 EC                  282 	.byte	-20
   00C9 FF                  283 	.byte	-1
   00CA 28                  284 	.byte	40
   00CB 00                  285 	.byte	0
   00CC 01                  286 	.byte	1
   00CD 00                  287 	.byte	0
   00CE 00                  288 	.byte	0
                            289 	.globl _shape_rock_5t
   00CF                     290 _shape_rock_5t:
   00CF 00                  291 	.byte	0
   00D0 0A                  292 	.byte	10
   00D1 00 B1               293 	.word	_vectors_rock_5t
                            294 	.globl _rock_5t
                            295 	.area .data
   0023                     296 _rock_5t:
   0023 E2                  297 	.byte	-30
   0024 32                  298 	.byte	50
   0025 96                  299 	.byte	-106
   0026 00 CF               300 	.word	_shape_rock_5t
                            301 	.globl _rocks
                            302 	.area .text
   00D3                     303 _rocks:
   00D3 00 19               304 	.word	_rock4t_s
   00D5 00 0A               305 	.word	_rock_2t_h
   00D7 00 23               306 	.word	_rock_5t
                            307 	.globl _move_rocks
   00D9                     308 _move_rocks:
   00D9 32 7F         [ 5]  309 	leas	-1,s
   00DB 6F E4         [ 6]  310 	clr	,s
   00DD 20 02         [ 3]  311 	bra	L2
   00DF                     312 L3:
   00DF 6C E4         [ 6]  313 	inc	,s
   00E1                     314 L2:
   00E1 BD 00 EB      [ 8]  315 	jsr	_get_num_option
   00E4 E1 E4         [ 4]  316 	cmpb	,s	;cmpqi:
   00E6 22 F7         [ 3]  317 	bhi	L3
   00E8 32 61         [ 5]  318 	leas	1,s
   00EA 39            [ 5]  319 	rts
   00EB                     320 _get_num_option:
   00EB F6 00 00      [ 5]  321 	ldb	_Vec_Num_Game
   00EE 39            [ 5]  322 	rts
                            323 	.globl _draw_rocks
   00EF                     324 _draw_rocks:
   00EF 34 40         [ 6]  325 	pshs	u
   00F1 32 7F         [ 5]  326 	leas	-1,s
   00F3 6F E4         [ 6]  327 	clr	,s
   00F5 20 11         [ 3]  328 	bra	L8
   00F7                     329 L9:
   00F7 E6 E4         [ 4]  330 	ldb	,s
   00F9 4F            [ 2]  331 	clra		;zero_extendqihi: R:b -> R:d
   00FA 58            [ 2]  332 	aslb
   00FB 49            [ 2]  333 	rola
   00FC CE 00 D3      [ 3]  334 	ldu	#_rocks
   00FF 30 CB         [ 8]  335 	leax	d,u
   0101 AE 84         [ 5]  336 	ldx	,x
   0103 BD 00 00      [ 8]  337 	jsr	_draw_sprite
   0106 6C E4         [ 6]  338 	inc	,s
   0108                     339 L8:
   0108 E6 E4         [ 4]  340 	ldb	,s
   010A C1 02         [ 2]  341 	cmpb	#2	;cmpqi:
   010C 23 E9         [ 3]  342 	bls	L9
   010E 32 61         [ 5]  343 	leas	1,s
   0110 35 C0         [ 7]  344 	puls	u,pc
ASxxxx Assembler V05.00  (Motorola 6809), page 1.
Hexidecimal [16-Bits]

Symbol Table

    .__.$$$.       =   2710 L   |     .__.ABS.       =   0000 G
    .__.CPU.       =   0000 L   |     .__.H$L.       =   0001 L
  2 L2                 00E1 R   |   2 L3                 00DF R
  2 L8                 0108 R   |   2 L9                 00F7 R
    _Vec_Num_Game      **** GX  |   2 _draw_rocks        00EF GR
    _draw_sprite       **** GX  |   2 _get_num_optio     00EB R
  2 _move_rocks        00D9 GR  |   3 _rock4t_s          0019 GR
  3 _rock_1t_1         0000 GR  |   3 _rock_1t_2         0005 GR
  3 _rock_2t_h         000A GR  |   3 _rock_3t_c         0014 GR
  3 _rock_3t_h         000F GR  |   3 _rock_4t_L         001E GR
  3 _rock_5t           0023 GR  |   2 _rocks             00D3 GR
  2 _shape_rock4t_     0085 GR  |   2 _shape_rock_1t     000F GR
  2 _shape_rock_2t     0028 GR  |   2 _shape_rock_3t     0066 GR
  2 _shape_rock_3t     0047 GR  |   2 _shape_rock_4t     00AD GR
  2 _shape_rock_5t     00CF GR  |   2 _vectors_rock4     006A GR
  2 _vectors_rock_     0000 GR  |   2 _vectors_rock_     0013 GR
  2 _vectors_rock_     004B GR  |   2 _vectors_rock_     002C GR
  2 _vectors_rock_     0089 GR  |   2 _vectors_rock_     00B1 GR

ASxxxx Assembler V05.00  (Motorola 6809), page 2.
Hexidecimal [16-Bits]

Area Table

[_CSEG]
   0 _CODE            size    0   flags C080
   2 .text            size  112   flags  100
   3 .data            size   28   flags  100
[_DSEG]
   1 _DATA            size    0   flags C0C0

