                              1 
                              2 ;;; gcc for m6809 : Feb 15 2016 21:40:10
                              3 ;;; 4.3.6 (gcc6809)
                              4 ;;; ABI version 1
                              5 ;;; -mint8
                              6 	.module	sprites.c
                              7 	.globl _grid_scale
                              8 	.area .text
   0000                       9 _grid_scale:
   0000 6E                   10 	.byte	110
                             11 	.globl _draw_sprite
   0001                      12 _draw_sprite:
   0001 34 20         [ 6]   13 	pshs	y
   0003 32 E8 EB      [ 5]   14 	leas	-21,s
   0006 AF 64         [ 6]   15 	stx	4,s
                             16 	; ldx	4,s	; optimization 5
   0008 E6 01         [ 5]   17 	ldb	1,x
   000A E7 E4         [ 4]   18 	stb	,s
   000C E6 F8 04      [ 8]   19 	ldb	[4,s]
   000F E7 67         [ 5]   20 	stb	7,s
   0011 E6 E4         [ 4]   21 	ldb	,s
   0013 E7 66         [ 5]   22 	stb	6,s
   0015 C6 CC         [ 2]   23 	ldb	#-52
   0017 D7 00         [ 4]   24 	stb	*_dp_VIA_cntl
   0019 C6 6E         [ 2]   25 	ldb	#110
   001B D7 00         [ 4]   26 	stb	*_dp_VIA_t1_cnt_lo
   001D E6 67         [ 5]   27 	ldb	7,s
   001F E7 69         [ 5]   28 	stb	9,s
   0021 E6 66         [ 5]   29 	ldb	6,s
   0023 E7 68         [ 5]   30 	stb	8,s
   0025 E6 69         [ 5]   31 	ldb	9,s
   0027 E7 E2         [ 6]   32 	stb	,-s
   0029 E6 69         [ 5]   33 	ldb	9,s
   002B BD 00 00      [ 8]   34 	jsr	__Moveto_d
   002E 32 61         [ 5]   35 	leas	1,s
   0030 AE 64         [ 6]   36 	ldx	4,s
   0032 AE 03         [ 6]   37 	ldx	3,x
   0034 E6 84         [ 4]   38 	ldb	,x
   0036 E7 61         [ 5]   39 	stb	1,s
                             40 	; tst	1,s	; optimization 3
   0038 27 08         [ 3]   41 	beq	L3
   003A E6 61         [ 5]   42 	ldb	1,s
   003C C1 01         [ 2]   43 	cmpb	#1	;cmpqi:
   003E 27 1C         [ 3]   44 	beq	L4
   0040 20 49         [ 3]   45 	bra	L7
   0042                      46 L3:
   0042 AE 64         [ 6]   47 	ldx	4,s
   0044 AE 03         [ 6]   48 	ldx	3,x
   0046 10 AE 02      [ 7]   49 	ldy	2,x
   0049 AE 64         [ 6]   50 	ldx	4,s
   004B E6 02         [ 5]   51 	ldb	2,x
   004D E7 6C         [ 5]   52 	stb	12,s
   004F 10 AF 6A      [ 7]   53 	sty	10,s
   0052 AE 6A         [ 6]   54 	ldx	10,s
   0054 E6 6C         [ 5]   55 	ldb	12,s
   0056 BD 00 00      [ 8]   56 	jsr	___Draw_VLp_b
   0059 7E 00 BB      [ 4]   57 	jmp	L6
   005C                      58 L4:
   005C AE 64         [ 6]   59 	ldx	4,s
   005E AE 03         [ 6]   60 	ldx	3,x
   0060 10 AE 02      [ 7]   61 	ldy	2,x
   0063 AE 64         [ 6]   62 	ldx	4,s
   0065 E6 02         [ 5]   63 	ldb	2,x
   0067 E7 62         [ 5]   64 	stb	2,s
   0069 AE 64         [ 6]   65 	ldx	4,s
   006B AE 03         [ 6]   66 	ldx	3,x
   006D E6 01         [ 5]   67 	ldb	1,x
   006F 5A            [ 2]   68 	decb
   0070 E7 E8 10      [ 5]   69 	stb	16,s
   0073 E6 62         [ 5]   70 	ldb	2,s
   0075 E7 6F         [ 5]   71 	stb	15,s
   0077 10 AF 6D      [ 7]   72 	sty	13,s
   007A E6 E8 10      [ 5]   73 	ldb	16,s
   007D E7 E2         [ 6]   74 	stb	,-s
   007F AE 6E         [ 6]   75 	ldx	14,s
   0081 E6 E8 10      [ 5]   76 	ldb	16,s
   0084 BD 00 00      [ 8]   77 	jsr	__Draw_VL_ab
   0087 32 61         [ 5]   78 	leas	1,s
   0089 20 30         [ 3]   79 	bra	L6
   008B                      80 L7:
   008B AE 64         [ 6]   81 	ldx	4,s
   008D AE 03         [ 6]   82 	ldx	3,x
   008F 10 AE 02      [ 7]   83 	ldy	2,x
   0092 AE 64         [ 6]   84 	ldx	4,s
   0094 E6 02         [ 5]   85 	ldb	2,x
   0096 E7 63         [ 5]   86 	stb	3,s
   0098 AE 64         [ 6]   87 	ldx	4,s
   009A AE 03         [ 6]   88 	ldx	3,x
   009C E6 01         [ 5]   89 	ldb	1,x
   009E 5A            [ 2]   90 	decb
   009F E7 E8 14      [ 5]   91 	stb	20,s
   00A2 E6 63         [ 5]   92 	ldb	3,s
   00A4 E7 E8 13      [ 5]   93 	stb	19,s
   00A7 10 AF E8 11   [ 7]   94 	sty	17,s
   00AB E6 E8 14      [ 5]   95 	ldb	20,s
   00AE E7 E2         [ 6]   96 	stb	,-s
   00B0 AE E8 12      [ 6]   97 	ldx	18,s
   00B3 E6 E8 14      [ 5]   98 	ldb	20,s
   00B6 BD 00 00      [ 8]   99 	jsr	__Mov_Draw_VL_ab
   00B9 32 61         [ 5]  100 	leas	1,s
   00BB                     101 L6:
   00BB 32 E8 15      [ 5]  102 	leas	21,s
   00BE 35 A0         [ 7]  103 	puls	y,pc
ASxxxx Assembler V05.00  (Motorola 6809), page 1.
Hexidecimal [16-Bits]

Symbol Table

    .__.$$$.       =   2710 L   |     .__.ABS.       =   0000 G
    .__.CPU.       =   0000 L   |     .__.H$L.       =   0001 L
  2 L3                 0042 R   |   2 L4                 005C R
  2 L6                 00BB R   |   2 L7                 008B R
    __Draw_VL_ab       **** GX  |     __Mov_Draw_VL_     **** GX
    __Moveto_d         **** GX  |     ___Draw_VLp_b      **** GX
    _dp_VIA_cntl       **** GX  |     _dp_VIA_t1_cnt     **** GX
  2 _draw_sprite       0001 GR  |   2 _grid_scale        0000 GR

ASxxxx Assembler V05.00  (Motorola 6809), page 2.
Hexidecimal [16-Bits]

Area Table

[_CSEG]
   0 _CODE            size    0   flags C080
   2 .text            size   C0   flags  100
[_DSEG]
   1 _DATA            size    0   flags C0C0

